#Timing report of worst 1 path(s)
# Unit scale: 1e-09 seconds
# Output precision: 3

#Path 1
Startpoint: a.inpad[0] (.input clocked by virtual_io_clock)
Endpoint  : out:y.outpad[0] (.output clocked by virtual_io_clock)
Path Type : setup

Point                                                             Incr      Path
--------------------------------------------------------------------------------
clock virtual_io_clock (rise edge)                               0.000     0.000
clock source latency                                             0.000     0.000
input external delay                                             0.000     0.000
a.inpad[0] (.input)                                              0.000     0.000
y.in[1] (.names)                                                 0.339     0.339
y.out[0] (.names)                                                0.261     0.600
out:y.outpad[0] (.output)                                        0.363     0.963
data arrival time                                                          0.963

clock virtual_io_clock (rise edge)                               0.000     0.000
clock source latency                                             0.000     0.000
clock uncertainty                                                0.000     0.000
output external delay                                            0.000     0.000
data required time                                                         0.000
--------------------------------------------------------------------------------
data required time                                                         0.000
data arrival time                                                         -0.963
--------------------------------------------------------------------------------
slack (VIOLATED)                                                          -0.963


#End of timing report
