#Timing report of worst 4 path(s)
# Unit scale: 1e-09 seconds
# Output precision: 3

#Path 1
Startpoint: a1.inpad[0] (.input clocked by virtual_io_clock)
Endpoint  : out:c3.outpad[0] (.output clocked by virtual_io_clock)
Path Type : setup

Point                                                             Incr      Path
--------------------------------------------------------------------------------
clock virtual_io_clock (rise edge)                               0.000     0.000
clock source latency                                             0.000     0.000
input external delay                                             0.000     0.000
a1.inpad[0] (.input)                                             0.000     0.000
new_$abc$141$new_n13.in[0] (.names)                              1.338     1.338
new_$abc$141$new_n13.out[0] (.names)                             0.261     1.599
c3.in[2] (.names)                                                1.338     2.937
c3.out[0] (.names)                                               0.261     3.198
out:c3.outpad[0] (.output)                                       1.338     4.535
data arrival time                                                          4.535

clock virtual_io_clock (rise edge)                               0.000     0.000
clock source latency                                             0.000     0.000
clock uncertainty                                                0.000     0.000
output external delay                                            0.000     0.000
data required time                                                         0.000
--------------------------------------------------------------------------------
data required time                                                         0.000
data arrival time                                                         -4.535
--------------------------------------------------------------------------------
slack (VIOLATED)                                                          -4.535


#Path 2
Startpoint: a1.inpad[0] (.input clocked by virtual_io_clock)
Endpoint  : out:c2.outpad[0] (.output clocked by virtual_io_clock)
Path Type : setup

Point                                                             Incr      Path
--------------------------------------------------------------------------------
clock virtual_io_clock (rise edge)                               0.000     0.000
clock source latency                                             0.000     0.000
input external delay                                             0.000     0.000
a1.inpad[0] (.input)                                             0.000     0.000
new_$abc$141$new_n13.in[0] (.names)                              1.338     1.338
new_$abc$141$new_n13.out[0] (.names)                             0.261     1.599
c2.in[2] (.names)                                                1.338     2.937
c2.out[0] (.names)                                               0.261     3.198
out:c2.outpad[0] (.output)                                       1.338     4.535
data arrival time                                                          4.535

clock virtual_io_clock (rise edge)                               0.000     0.000
clock source latency                                             0.000     0.000
clock uncertainty                                                0.000     0.000
output external delay                                            0.000     0.000
data required time                                                         0.000
--------------------------------------------------------------------------------
data required time                                                         0.000
data arrival time                                                         -4.535
--------------------------------------------------------------------------------
slack (VIOLATED)                                                          -4.535


#Path 3
Startpoint: a0.inpad[0] (.input clocked by virtual_io_clock)
Endpoint  : out:c0.outpad[0] (.output clocked by virtual_io_clock)
Path Type : setup

Point                                                             Incr      Path
--------------------------------------------------------------------------------
clock virtual_io_clock (rise edge)                               0.000     0.000
clock source latency                                             0.000     0.000
input external delay                                             0.000     0.000
a0.inpad[0] (.input)                                             0.000     0.000
c0.in[0] (.names)                                                1.338     1.338
c0.out[0] (.names)                                               0.261     1.599
out:c0.outpad[0] (.output)                                       1.338     2.937
data arrival time                                                          2.937

clock virtual_io_clock (rise edge)                               0.000     0.000
clock source latency                                             0.000     0.000
clock uncertainty                                                0.000     0.000
output external delay                                            0.000     0.000
data required time                                                         0.000
--------------------------------------------------------------------------------
data required time                                                         0.000
data arrival time                                                         -2.937
--------------------------------------------------------------------------------
slack (VIOLATED)                                                          -2.937


#Path 4
Startpoint: a0.inpad[0] (.input clocked by virtual_io_clock)
Endpoint  : out:c1.outpad[0] (.output clocked by virtual_io_clock)
Path Type : setup

Point                                                             Incr      Path
--------------------------------------------------------------------------------
clock virtual_io_clock (rise edge)                               0.000     0.000
clock source latency                                             0.000     0.000
input external delay                                             0.000     0.000
a0.inpad[0] (.input)                                             0.000     0.000
c1.in[0] (.names)                                                1.338     1.338
c1.out[0] (.names)                                               0.261     1.599
out:c1.outpad[0] (.output)                                       1.338     2.937
data arrival time                                                          2.937

clock virtual_io_clock (rise edge)                               0.000     0.000
clock source latency                                             0.000     0.000
clock uncertainty                                                0.000     0.000
output external delay                                            0.000     0.000
data required time                                                         0.000
--------------------------------------------------------------------------------
data required time                                                         0.000
data arrival time                                                         -2.937
--------------------------------------------------------------------------------
slack (VIOLATED)                                                          -2.937


#End of timing report
