#Timing report of worst 4 path(s)
# Unit scale: 1e-09 seconds
# Output precision: 3

#Path 1
Startpoint: b1.inpad[0] (.input clocked by virtual_io_clock)
Endpoint  : out:c1.outpad[0] (.output clocked by virtual_io_clock)
Path Type : hold

Point                                                             Incr      Path
--------------------------------------------------------------------------------
clock virtual_io_clock (rise edge)                               0.000     0.000
clock source latency                                             0.000     0.000
input external delay                                             0.000     0.000
b1.inpad[0] (.input)                                             0.000     0.000
c1.in[3] (.names)                                                0.201     0.201
c1.out[0] (.names)                                               0.261     0.462
out:c1.outpad[0] (.output)                                       0.261     0.723
data arrival time                                                          0.723

clock virtual_io_clock (rise edge)                               0.000     0.000
clock source latency                                             0.000     0.000
clock uncertainty                                                0.000     0.000
output external delay                                            0.000     0.000
data required time                                                         0.000
--------------------------------------------------------------------------------
data required time                                                        -0.000
data arrival time                                                          0.723
--------------------------------------------------------------------------------
slack (MET)                                                                0.723


#Path 2
Startpoint: b2.inpad[0] (.input clocked by virtual_io_clock)
Endpoint  : out:c3.outpad[0] (.output clocked by virtual_io_clock)
Path Type : hold

Point                                                             Incr      Path
--------------------------------------------------------------------------------
clock virtual_io_clock (rise edge)                               0.000     0.000
clock source latency                                             0.000     0.000
input external delay                                             0.000     0.000
b2.inpad[0] (.input)                                             0.000     0.000
c3.in[0] (.names)                                                0.260     0.260
c3.out[0] (.names)                                               0.261     0.521
out:c3.outpad[0] (.output)                                       0.261     0.782
data arrival time                                                          0.782

clock virtual_io_clock (rise edge)                               0.000     0.000
clock source latency                                             0.000     0.000
clock uncertainty                                                0.000     0.000
output external delay                                            0.000     0.000
data required time                                                         0.000
--------------------------------------------------------------------------------
data required time                                                        -0.000
data arrival time                                                          0.782
--------------------------------------------------------------------------------
slack (MET)                                                                0.782


#Path 3
Startpoint: a2.inpad[0] (.input clocked by virtual_io_clock)
Endpoint  : out:c2.outpad[0] (.output clocked by virtual_io_clock)
Path Type : hold

Point                                                             Incr      Path
--------------------------------------------------------------------------------
clock virtual_io_clock (rise edge)                               0.000     0.000
clock source latency                                             0.000     0.000
input external delay                                             0.000     0.000
a2.inpad[0] (.input)                                             0.000     0.000
c2.in[0] (.names)                                                0.260     0.260
c2.out[0] (.names)                                               0.261     0.521
out:c2.outpad[0] (.output)                                       0.261     0.782
data arrival time                                                          0.782

clock virtual_io_clock (rise edge)                               0.000     0.000
clock source latency                                             0.000     0.000
clock uncertainty                                                0.000     0.000
output external delay                                            0.000     0.000
data required time                                                         0.000
--------------------------------------------------------------------------------
data required time                                                        -0.000
data arrival time                                                          0.782
--------------------------------------------------------------------------------
slack (MET)                                                                0.782


#Path 4
Startpoint: b0.inpad[0] (.input clocked by virtual_io_clock)
Endpoint  : out:c0.outpad[0] (.output clocked by virtual_io_clock)
Path Type : hold

Point                                                             Incr      Path
--------------------------------------------------------------------------------
clock virtual_io_clock (rise edge)                               0.000     0.000
clock source latency                                             0.000     0.000
input external delay                                             0.000     0.000
b0.inpad[0] (.input)                                             0.000     0.000
c0.in[1] (.names)                                                0.137     0.137
c0.out[0] (.names)                                               0.261     0.398
out:c0.outpad[0] (.output)                                       0.448     0.846
data arrival time                                                          0.846

clock virtual_io_clock (rise edge)                               0.000     0.000
clock source latency                                             0.000     0.000
clock uncertainty                                                0.000     0.000
output external delay                                            0.000     0.000
data required time                                                         0.000
--------------------------------------------------------------------------------
data required time                                                        -0.000
data arrival time                                                          0.846
--------------------------------------------------------------------------------
slack (MET)                                                                0.846


#End of timing report
